[debug] [2018-12-05T15:42:00.139Z] ----------------------------------------------------------------------
[debug] [2018-12-05T15:42:00.143Z] Command:       C:\Program Files\nodejs\node.exe C:\Users\Dylan\AppData\Roaming\npm\node_modules\firebase-tools\lib\bin\firebase.js deploy
[debug] [2018-12-05T15:42:00.143Z] CLI Version:   6.1.2
[debug] [2018-12-05T15:42:00.143Z] Platform:      win32
[debug] [2018-12-05T15:42:00.143Z] Node Version:  v8.11.4
[debug] [2018-12-05T15:42:00.144Z] Time:          Wed Dec 05 2018 10:42:00 GMT-0500 (Eastern Standard Time)
[debug] [2018-12-05T15:42:00.144Z] ----------------------------------------------------------------------
[debug] 
[debug] [2018-12-05T15:42:00.159Z] > command requires scopes: ["email","openid","https://www.googleapis.com/auth/cloudplatformprojects.readonly","https://www.googleapis.com/auth/firebase","https://www.googleapis.com/auth/cloud-platform"]
[debug] [2018-12-05T15:42:00.160Z] > authorizing via signed-in user
[debug] [2018-12-05T15:42:00.160Z] [iam] checking project friendzone-4930 for permissions ["cloudfunctions.functions.create","cloudfunctions.functions.delete","cloudfunctions.functions.get","cloudfunctions.functions.list","cloudfunctions.functions.update","cloudfunctions.operations.get","datastore.indexes.create","datastore.indexes.delete","datastore.indexes.list","datastore.indexes.update","firebase.projects.get","firebasedatabase.instances.update","firebasehosting.sites.update","firebaserules.releases.create","firebaserules.releases.update","firebaserules.rulesets.create"]
[debug] [2018-12-05T15:42:00.163Z] > refreshing access token with scopes: ["email","https://www.googleapis.com/auth/cloud-platform","https://www.googleapis.com/auth/cloudplatformprojects.readonly","https://www.googleapis.com/auth/firebase","openid"]
[debug] [2018-12-05T15:42:00.164Z] >>> HTTP REQUEST POST https://www.googleapis.com/oauth2/v3/token  
 <request body omitted>
[debug] [2018-12-05T15:42:00.327Z] <<< HTTP RESPONSE 200
[debug] [2018-12-05T15:42:00.379Z] >>> HTTP REQUEST POST https://cloudresourcemanager.googleapis.com/v1/projects/friendzone-4930:testIamPermissions  

[debug] [2018-12-05T15:42:00.595Z] <<< HTTP RESPONSE 200
[debug] [2018-12-05T15:42:00.600Z] >>> HTTP REQUEST GET https://firebase.googleapis.com/v1beta1/projects/friendzone-4930  
 
[debug] [2018-12-05T15:42:00.787Z] <<< HTTP RESPONSE 200
[info] 
[info] === Deploying to 'friendzone-4930'...
[info] 
[info] i  deploying database, storage, firestore, functions, hosting
[debug] [2018-12-05T15:42:00.949Z] TypeError: Path must be a string. Received undefined
    at assertPath (path.js:28:11)
    at Object.join (path.js:489:7)
    at Config.path (C:\Users\Dylan\AppData\Roaming\npm\node_modules\firebase-tools\lib\config.js:134:39)
    at C:\Users\Dylan\AppData\Roaming\npm\node_modules\firebase-tools\lib\deploy\lifecycleHooks.js:57:46
    at _chain (C:\Users\Dylan\AppData\Roaming\npm\node_modules\firebase-tools\lib\deploy\index.js:22:40)
    at C:\Users\Dylan\AppData\Roaming\npm\node_modules\firebase-tools\lib\deploy\index.js:25:20
    at <anonymous>
    at process._tickDomainCallback (internal/process/next_tick.js:228:7)
[error] 
[error] Error: An unexpected error has occurred.
[debug] [2018-12-05T15:45:23.169Z] ----------------------------------------------------------------------
[debug] [2018-12-05T15:45:23.185Z] Command:       C:\Program Files\nodejs\node.exe C:\Users\Dylan\AppData\Roaming\npm\node_modules\firebase-tools\lib\bin\firebase.js deploy
[debug] [2018-12-05T15:45:23.186Z] CLI Version:   6.1.2
[debug] [2018-12-05T15:45:23.186Z] Platform:      win32
[debug] [2018-12-05T15:45:23.186Z] Node Version:  v8.11.4
[debug] [2018-12-05T15:45:23.189Z] Time:          Wed Dec 05 2018 10:45:23 GMT-0500 (Eastern Standard Time)
[debug] [2018-12-05T15:45:23.190Z] ----------------------------------------------------------------------
[debug] 
[debug] [2018-12-05T15:45:23.224Z] > command requires scopes: ["email","openid","https://www.googleapis.com/auth/cloudplatformprojects.readonly","https://www.googleapis.com/auth/firebase","https://www.googleapis.com/auth/cloud-platform"]
[debug] [2018-12-05T15:45:23.226Z] > authorizing via signed-in user
[debug] [2018-12-05T15:45:23.226Z] [iam] checking project friendzone-4930 for permissions ["cloudfunctions.functions.create","cloudfunctions.functions.delete","cloudfunctions.functions.get","cloudfunctions.functions.list","cloudfunctions.functions.update","cloudfunctions.operations.get","datastore.indexes.create","datastore.indexes.delete","datastore.indexes.list","datastore.indexes.update","firebase.projects.get","firebasedatabase.instances.update","firebasehosting.sites.update","firebaserules.releases.create","firebaserules.releases.update","firebaserules.rulesets.create"]
[debug] [2018-12-05T15:45:23.232Z] >>> HTTP REQUEST POST https://cloudresourcemanager.googleapis.com/v1/projects/friendzone-4930:testIamPermissions  

[debug] [2018-12-05T15:45:23.916Z] <<< HTTP RESPONSE 200
[debug] [2018-12-05T15:45:23.922Z] >>> HTTP REQUEST GET https://firebase.googleapis.com/v1beta1/projects/friendzone-4930  
 
[debug] [2018-12-05T15:45:24.623Z] <<< HTTP RESPONSE 200
[info] 
[info] === Deploying to 'friendzone-4930'...
[info] 
[info] i  deploying database, storage, firestore, functions, hosting
[debug] [2018-12-05T15:45:24.745Z] TypeError: Path must be a string. Received undefined
    at assertPath (path.js:28:11)
    at Object.join (path.js:489:7)
    at Config.path (C:\Users\Dylan\AppData\Roaming\npm\node_modules\firebase-tools\lib\config.js:134:39)
    at C:\Users\Dylan\AppData\Roaming\npm\node_modules\firebase-tools\lib\deploy\lifecycleHooks.js:57:46
    at _chain (C:\Users\Dylan\AppData\Roaming\npm\node_modules\firebase-tools\lib\deploy\index.js:22:40)
    at C:\Users\Dylan\AppData\Roaming\npm\node_modules\firebase-tools\lib\deploy\index.js:25:20
    at <anonymous>
    at process._tickDomainCallback (internal/process/next_tick.js:228:7)
[error] 
[error] Error: An unexpected error has occurred.
[debug] [2018-12-05T15:45:59.016Z] ----------------------------------------------------------------------
[debug] [2018-12-05T15:45:59.026Z] Command:       C:\Program Files\nodejs\node.exe C:\Users\Dylan\AppData\Roaming\npm\node_modules\firebase-tools\lib\bin\firebase.js init
[debug] [2018-12-05T15:45:59.028Z] CLI Version:   6.1.2
[debug] [2018-12-05T15:45:59.028Z] Platform:      win32
[debug] [2018-12-05T15:45:59.028Z] Node Version:  v8.11.4
[debug] [2018-12-05T15:45:59.030Z] Time:          Wed Dec 05 2018 10:45:59 GMT-0500 (Eastern Standard Time)
[debug] [2018-12-05T15:45:59.031Z] ----------------------------------------------------------------------
[debug] 
[debug] [2018-12-05T15:45:59.068Z] > command requires scopes: ["email","openid","https://www.googleapis.com/auth/cloudplatformprojects.readonly","https://www.googleapis.com/auth/firebase","https://www.googleapis.com/auth/cloud-platform"]
[debug] [2018-12-05T15:45:59.070Z] > authorizing via signed-in user
[info] 
     ######## #### ########  ######## ########     ###     ######  ########
     ##        ##  ##     ## ##       ##     ##  ##   ##  ##       ##
     ######    ##  ########  ######   ########  #########  ######  ######
     ##        ##  ##    ##  ##       ##     ## ##     ##       ## ##
     ##       #### ##     ## ######## ########  ##     ##  ######  ########

You're about to initialize a Firebase project in this directory:

  C:\Users\Dylan\Desktop\School\programming\WebAppDevProjects\friendzone

Before we get started, keep in mind:

  * You are initializing in an existing Firebase project directory

[info] 
=== Project Setup
[info] 
[info] First, let's associate this project directory with a Firebase project.
[info] You can create multiple project aliases by running firebase use --add, 
[info] but for now we'll just set up a default project.
[info] 
[info] i  .firebaserc already has a default project, skipping
[info] 
=== Database Setup
[info] 
[info] Firebase Realtime Database Rules allow you to define how your data should be
[info] structured and when your data can be read from and written to.
[info] 
[info] +  Database Rules for  have been downloaded to database.rules.json.
[info] Future modifications to database.rules.json will update Database Rules when you run
[info] firebase deploy.
[info] 
=== Firestore Setup
[debug] [2018-12-05T15:46:28.429Z] > command requires scopes: ["email","openid","https://www.googleapis.com/auth/cloudplatformprojects.readonly","https://www.googleapis.com/auth/firebase","https://www.googleapis.com/auth/cloud-platform"]
[debug] [2018-12-05T15:46:28.431Z] > authorizing via signed-in user
[debug] [2018-12-05T15:46:28.437Z] >>> HTTP REQUEST GET https://firebase.googleapis.com/v1beta1/projects/friendzone-4930  
 
[debug] [2018-12-05T15:46:29.065Z] <<< HTTP RESPONSE 200
[info] 
[info] Firestore Security Rules allow you to define how and when to allow
[info] requests. You can keep these rules in your project directory
[info] and publish them with firebase deploy.
[info] 
[debug] [2018-12-05T15:46:35.688Z] >>> HTTP REQUEST GET https://firebaserules.googleapis.com/v1/projects/friendzone-4930/releases  
 
[debug] [2018-12-05T15:46:36.103Z] <<< HTTP RESPONSE 200
[debug] [2018-12-05T15:46:36.108Z] Found ruleset: projects/friendzone-4930/rulesets/d78ea027-7f96-4e75-967f-c2f277579b1b
[debug] [2018-12-05T15:46:36.109Z] >>> HTTP REQUEST GET https://firebaserules.googleapis.com/v1/projects/friendzone-4930/rulesets/d78ea027-7f96-4e75-967f-c2f277579b1b  
 
[debug] [2018-12-05T15:46:36.690Z] <<< HTTP RESPONSE 200
[info] 
[info] Firestore indexes allow you to perform complex queries while
[info] maintaining performance that scales with the size of the result
[info] set. You can keep index definitions in your project directory
[info] and publish them with firebase deploy.
[info] 
[debug] [2018-12-05T15:46:48.476Z] >>> HTTP REQUEST GET https://firestore.googleapis.com/v1beta1/projects/friendzone-4930/databases/(default)/indexes  
 
[debug] [2018-12-05T15:46:48.795Z] <<< HTTP RESPONSE 200
[info] 
=== Functions Setup
[info] 
[info] A functions directory will be created in your project with a Node.js
[info] package pre-configured. Functions can be deployed with firebase deploy.
[info] 
[debug] [2018-12-05T15:46:48.811Z] > command requires scopes: ["email","openid","https://www.googleapis.com/auth/cloudplatformprojects.readonly","https://www.googleapis.com/auth/firebase","https://www.googleapis.com/auth/cloud-platform"]
[debug] [2018-12-05T15:46:48.815Z] > authorizing via signed-in user
[debug] [2018-12-05T15:46:48.816Z] >>> HTTP REQUEST GET https://firebase.googleapis.com/v1beta1/projects/friendzone-4930  
 
[debug] [2018-12-05T15:46:48.985Z] <<< HTTP RESPONSE 200
[debug] [2018-12-05T15:46:48.998Z] >>> HTTP REQUEST PATCH https://servicemanagement.googleapis.com/v1/services/cloudfunctions.googleapis.com/projectSettings/friendzone-4930?updateMask=usageSettings  

[debug] [2018-12-05T15:46:49.002Z] >>> HTTP REQUEST PATCH https://servicemanagement.googleapis.com/v1/services/runtimeconfig.googleapis.com/projectSettings/friendzone-4930?updateMask=usageSettings  

[debug] [2018-12-05T15:46:50.478Z] <<< HTTP RESPONSE 200
[debug] [2018-12-05T15:46:50.678Z] <<< HTTP RESPONSE 200
[info] +  Wrote functions/package.json
[info] +  Wrote functions/.eslintrc.json
[info] +  Wrote functions/index.js
[info] 
=== Hosting Setup
[info] 
[info] Your public directory is the folder (relative to your project directory) that
[info] will contain Hosting assets to be uploaded with firebase deploy. If you
[info] have a build process for your assets, use your build's output directory.
[info] 
